{"/Users/nirmal/Documents/Uni/Deakin/3Y/3YT1/SIT223/7.3HD/mern-devops-pipeline1/backend/app.js": {"path":"/Users/nirmal/Documents/Uni/Deakin/3Y/3YT1/SIT223/7.3HD/mern-devops-pipeline1/backend/app.js","statementMap":{"0":{"start":{"line":15,"column":16},"end":{"line":15,"column":34}},"1":{"start":{"line":16,"column":12},"end":{"line":16,"column":21}},"2":{"start":{"line":18,"column":0},"end":{"line":18,"column":24}},"3":{"start":{"line":21,"column":12},"end":{"line":21,"column":14}},"4":{"start":{"line":22,"column":13},"end":{"line":22,"column":14}},"5":{"start":{"line":24,"column":0},"end":{"line":28,"column":3}},"6":{"start":{"line":25,"column":15},"end":{"line":25,"column":45}},"7":{"start":{"line":26,"column":2},"end":{"line":26,"column":19}},"8":{"start":{"line":27,"column":2},"end":{"line":27,"column":29}},"9":{"start":{"line":30,"column":0},"end":{"line":34,"column":3}},"10":{"start":{"line":31,"column":15},"end":{"line":31,"column":54}},"11":{"start":{"line":31,"column":31},"end":{"line":31,"column":53}},"12":{"start":{"line":32,"column":2},"end":{"line":32,"column":54}},"13":{"start":{"line":32,"column":13},"end":{"line":32,"column":54}},"14":{"start":{"line":33,"column":2},"end":{"line":33,"column":17}},"15":{"start":{"line":36,"column":0},"end":{"line":41,"column":3}},"16":{"start":{"line":37,"column":16},"end":{"line":37,"column":60}},"17":{"start":{"line":37,"column":37},"end":{"line":37,"column":59}},"18":{"start":{"line":38,"column":2},"end":{"line":38,"column":61}},"19":{"start":{"line":38,"column":20},"end":{"line":38,"column":61}},"20":{"start":{"line":39,"column":2},"end":{"line":39,"column":25}},"21":{"start":{"line":40,"column":2},"end":{"line":40,"column":34}},"22":{"start":{"line":43,"column":0},"end":{"line":43,"column":21}}},"fnMap":{"0":{"name":"(anonymous_0)","decl":{"start":{"line":24,"column":23},"end":{"line":24,"column":24}},"loc":{"start":{"line":24,"column":37},"end":{"line":28,"column":1}},"line":24},"1":{"name":"(anonymous_1)","decl":{"start":{"line":30,"column":26},"end":{"line":30,"column":27}},"loc":{"start":{"line":30,"column":40},"end":{"line":34,"column":1}},"line":30},"2":{"name":"(anonymous_2)","decl":{"start":{"line":31,"column":26},"end":{"line":31,"column":27}},"loc":{"start":{"line":31,"column":31},"end":{"line":31,"column":53}},"line":31},"3":{"name":"(anonymous_3)","decl":{"start":{"line":36,"column":29},"end":{"line":36,"column":30}},"loc":{"start":{"line":36,"column":43},"end":{"line":41,"column":1}},"line":36},"4":{"name":"(anonymous_4)","decl":{"start":{"line":37,"column":32},"end":{"line":37,"column":33}},"loc":{"start":{"line":37,"column":37},"end":{"line":37,"column":59}},"line":37}},"branchMap":{"0":{"loc":{"start":{"line":32,"column":2},"end":{"line":32,"column":54}},"type":"if","locations":[{"start":{"line":32,"column":2},"end":{"line":32,"column":54}},{"start":{},"end":{}}],"line":32},"1":{"loc":{"start":{"line":38,"column":2},"end":{"line":38,"column":61}},"type":"if","locations":[{"start":{"line":38,"column":2},"end":{"line":38,"column":61}},{"start":{},"end":{}}],"line":38}},"s":{"0":1,"1":1,"2":1,"3":1,"4":1,"5":1,"6":1,"7":1,"8":1,"9":1,"10":1,"11":1,"12":1,"13":0,"14":1,"15":1,"16":1,"17":1,"18":1,"19":0,"20":1,"21":1,"22":1},"f":{"0":1,"1":1,"2":1,"3":1,"4":1},"b":{"0":[0,1],"1":[0,1]},"_coverageSchema":"1a1c01bbd47fc00a2c39e90264f33305004495a9","hash":"ae775b2267293de266752dfe904b22a62336a673"}
}
